2013/11/26 22:01:50 INFO  - jmeter.util.JMeterUtils: Setting Locale to en_AU 
2013/11/26 22:01:54 INFO  - jmeter.JMeter: Loading user properties from: /opt/apache-jmeter-2.10/bin/user.properties 
2013/11/26 22:01:54 INFO  - jmeter.JMeter: Loading system properties from: /opt/apache-jmeter-2.10/bin/system.properties 
2013/11/26 22:01:54 INFO  - jmeter.JMeter: Copyright (c) 1998-2013 The Apache Software Foundation 
2013/11/26 22:01:54 INFO  - jmeter.JMeter: Version 2.10 r1533061 
2013/11/26 22:01:54 INFO  - jmeter.JMeter: java.version=1.7.0_25 
2013/11/26 22:01:54 INFO  - jmeter.JMeter: java.vm.name=OpenJDK 64-Bit Server VM 
2013/11/26 22:01:54 INFO  - jmeter.JMeter: os.name=Linux 
2013/11/26 22:01:54 INFO  - jmeter.JMeter: os.arch=amd64 
2013/11/26 22:01:54 INFO  - jmeter.JMeter: os.version=3.11.0-13-generic 
2013/11/26 22:01:54 INFO  - jmeter.JMeter: file.encoding=UTF-8 
2013/11/26 22:01:55 INFO  - jmeter.JMeter: Default Locale=English (Australia) 
2013/11/26 22:01:55 INFO  - jmeter.JMeter: JMeter  Locale=English (Australia) 
2013/11/26 22:01:55 INFO  - jmeter.JMeter: JMeterHome=/opt/apache-jmeter-2.10 
2013/11/26 22:01:55 INFO  - jmeter.JMeter: user.dir  =/home/bruno/Workspace/silent-auction 
2013/11/26 22:01:55 INFO  - jmeter.JMeter: PWD       =/home/bruno/Workspace/silent-auction 
2013/11/26 22:01:55 INFO  - jmeter.JMeter: IP: 127.0.1.1 Name: bruno-Vostro-3550 FullName: bruno-Vostro-3550 
2013/11/26 22:01:55 INFO  - jmeter.JMeter: Loaded icon properties from org/apache/jmeter/images/icon.properties 
2013/11/26 22:02:00 INFO  - jmeter.engine.util.CompoundVariable: Note: Function class names must contain the string: '.functions.' 
2013/11/26 22:02:00 INFO  - jmeter.engine.util.CompoundVariable: Note: Function class names must not contain the string: '.gui.' 
2013/11/26 22:02:00 INFO  - jmeter.gui.action.LookAndFeelCommand: Using look and feel: javax.swing.plaf.metal.MetalLookAndFeel [Metal, CrossPlatform] 
2013/11/26 22:02:03 INFO  - jmeter.util.BSFTestElement: Registering JMeter version of JavaScript engine as work-round for BSF-22 
2013/11/26 22:02:04 INFO  - jmeter.protocol.http.sampler.HTTPSamplerBase: Cannot find .className property for htmlParser, using default 
2013/11/26 22:02:04 INFO  - jmeter.protocol.http.sampler.HTTPSamplerBase: Parser for text/html is  
2013/11/26 22:02:04 INFO  - jmeter.protocol.http.sampler.HTTPSamplerBase: Parser for application/xhtml+xml is  
2013/11/26 22:02:04 INFO  - jmeter.protocol.http.sampler.HTTPSamplerBase: Parser for application/xml is  
2013/11/26 22:02:04 INFO  - jmeter.protocol.http.sampler.HTTPSamplerBase: Parser for text/xml is  
2013/11/26 22:02:04 INFO  - jmeter.protocol.http.sampler.HTTPSamplerBase: Parser for text/vnd.wap.wml is org.apache.jmeter.protocol.http.parser.RegexpHTMLParser 
2013/11/26 22:02:04 INFO  - jmeter.gui.util.MenuFactory: Skipping org.apache.jmeter.protocol.http.control.gui.WebServiceSamplerGui 
2013/11/26 22:02:04 INFO  - jmeter.gui.util.MenuFactory: Skipping org.apache.jmeter.protocol.http.modifier.gui.ParamModifierGui 
2013/11/26 22:02:04 INFO  - jmeter.protocol.http.proxy.ProxyControl: HTTP(S) Test Script Recorder SSL Proxy will use keys that support embedded 3rd party resources in file /opt/apache-jmeter-2.10/bin/proxyserver.jks 
2013/11/26 22:02:04 INFO  - jmeter.samplers.SampleResult: Note: Sample TimeStamps are START times 
2013/11/26 22:02:04 INFO  - jmeter.samplers.SampleResult: sampleresult.default.encoding is set to ISO-8859-1 
2013/11/26 22:02:04 INFO  - jmeter.samplers.SampleResult: sampleresult.useNanoTime=true 
2013/11/26 22:02:04 INFO  - jmeter.samplers.SampleResult: sampleresult.nanoThreadSleep=5000 
2013/11/26 22:02:47 INFO  - jmeter.services.FileServer: Default base='/home/bruno/Workspace/silent-auction' 
2013/11/26 22:02:47 INFO  - jmeter.gui.action.Load: Loading file: /home/bruno/Workspace/silent-auction/jmeter/test_plan.jmx 
2013/11/26 22:02:47 INFO  - jmeter.services.FileServer: Set new base='/home/bruno/Workspace/silent-auction/jmeter' 
2013/11/26 22:02:48 INFO  - jmeter.save.SaveService: Testplan (JMX) version: 2.2. Testlog (JTL) version: 2.2 
2013/11/26 22:02:48 INFO  - jmeter.save.SaveService: Using SaveService properties file encoding UTF-8 
2013/11/26 22:02:48 INFO  - jmeter.save.SaveService: Using SaveService properties version 2.5 
2013/11/26 22:02:48 INFO  - jmeter.save.SaveService: Using SaveService properties file version 1519088 
2013/11/26 22:02:48 INFO  - jmeter.save.SaveService: All converter versions present and correct 
2013/11/26 22:02:48 INFO  - jmeter.protocol.http.control.CookieManager: Settings: Delete null: true Check: true Allow variable: true Save: false Prefix: COOKIE_ 
2013/11/26 22:02:48 INFO  - jmeter.services.FileServer: Set new base='/home/bruno/Workspace/silent-auction/jmeter' 
2013/11/26 22:37:54 INFO  - jmeter.engine.StandardJMeterEngine: Listeners will be started after enabling running version 
2013/11/26 22:37:54 INFO  - jmeter.engine.StandardJMeterEngine: To revert to the earlier behaviour, define jmeterengine.startlistenerslater=false 
2013/11/26 22:37:54 INFO  - jmeter.engine.StandardJMeterEngine: Running the test! 
2013/11/26 22:37:54 INFO  - jmeter.samplers.SampleEvent: List of sample_variables: [] 
2013/11/26 22:37:54 INFO  - jmeter.samplers.SampleEvent: List of sample_variables: [] 
2013/11/26 22:37:54 INFO  - jmeter.gui.util.JMeterMenuBar: setRunning(true,*local*) 
2013/11/26 22:37:54 INFO  - jmeter.engine.StandardJMeterEngine: Starting ThreadGroup: 1 : User bid 
2013/11/26 22:37:54 INFO  - jmeter.engine.StandardJMeterEngine: Starting 1 threads for group User bid. 
2013/11/26 22:37:54 INFO  - jmeter.engine.StandardJMeterEngine: Thread will continue on error 
2013/11/26 22:37:54 INFO  - jmeter.threads.ThreadGroup: Starting thread group number 1 threads 1 ramp-up 1 perThread 1000.0 delayedStart=false 
2013/11/26 22:37:54 INFO  - jmeter.threads.JMeterThread: jmeterthread.startearlier=true (see jmeter.properties) 
2013/11/26 22:37:54 INFO  - jmeter.threads.JMeterThread: Running PostProcessors in forward order 
2013/11/26 22:37:54 INFO  - jmeter.threads.ThreadGroup: Started thread group number 1 
2013/11/26 22:37:54 INFO  - jmeter.engine.StandardJMeterEngine: All thread groups have been started 
2013/11/26 22:37:54 INFO  - jmeter.threads.JMeterThread: Thread started: User bid 1-1 
2013/11/26 22:37:54 INFO  - jmeter.protocol.http.sampler.HTTPHCAbstractImpl: Local host = bruno-Vostro-3550 
2013/11/26 22:37:54 INFO  - jmeter.protocol.http.sampler.HTTPHC3Impl: HTTP request retry count = 0 
2013/11/26 22:37:54 INFO  - jmeter.threads.JMeterThread: Thread finished: User bid 1-1 
2013/11/26 22:37:54 INFO  - jmeter.engine.StandardJMeterEngine: Notifying test listeners of end of test 
2013/11/26 22:37:54 INFO  - jmeter.gui.util.JMeterMenuBar: setRunning(false,*local*) 
2013/11/26 22:39:08 INFO  - jmeter.engine.StandardJMeterEngine: Running the test! 
2013/11/26 22:39:08 INFO  - jmeter.samplers.SampleEvent: List of sample_variables: [] 
2013/11/26 22:39:08 INFO  - jmeter.gui.util.JMeterMenuBar: setRunning(true,*local*) 
2013/11/26 22:39:09 INFO  - jmeter.engine.StandardJMeterEngine: Starting ThreadGroup: 1 : User bid 
2013/11/26 22:39:09 INFO  - jmeter.engine.StandardJMeterEngine: Starting 1 threads for group User bid. 
2013/11/26 22:39:09 INFO  - jmeter.engine.StandardJMeterEngine: Thread will continue on error 
2013/11/26 22:39:09 INFO  - jmeter.threads.ThreadGroup: Starting thread group number 1 threads 1 ramp-up 1 perThread 1000.0 delayedStart=false 
2013/11/26 22:39:09 INFO  - jmeter.threads.ThreadGroup: Started thread group number 1 
2013/11/26 22:39:09 INFO  - jmeter.engine.StandardJMeterEngine: All thread groups have been started 
2013/11/26 22:39:09 INFO  - jmeter.threads.JMeterThread: Thread started: User bid 1-1 
2013/11/26 22:39:09 INFO  - jmeter.threads.JMeterThread: Thread finished: User bid 1-1 
2013/11/26 22:39:09 INFO  - jmeter.engine.StandardJMeterEngine: Notifying test listeners of end of test 
2013/11/26 22:39:09 INFO  - jmeter.gui.util.JMeterMenuBar: setRunning(false,*local*) 
2013/11/26 22:39:43 INFO  - jmeter.engine.StandardJMeterEngine: Running the test! 
2013/11/26 22:39:43 INFO  - jmeter.samplers.SampleEvent: List of sample_variables: [] 
2013/11/26 22:39:43 INFO  - jmeter.gui.util.JMeterMenuBar: setRunning(true,*local*) 
2013/11/26 22:39:43 INFO  - jmeter.engine.StandardJMeterEngine: Starting ThreadGroup: 1 : User bid 
2013/11/26 22:39:43 INFO  - jmeter.engine.StandardJMeterEngine: Starting 1 threads for group User bid. 
2013/11/26 22:39:43 INFO  - jmeter.engine.StandardJMeterEngine: Thread will continue on error 
2013/11/26 22:39:43 INFO  - jmeter.threads.ThreadGroup: Starting thread group number 1 threads 1 ramp-up 1 perThread 1000.0 delayedStart=false 
2013/11/26 22:39:43 INFO  - jmeter.threads.ThreadGroup: Started thread group number 1 
2013/11/26 22:39:43 INFO  - jmeter.engine.StandardJMeterEngine: All thread groups have been started 
2013/11/26 22:39:43 INFO  - jmeter.threads.JMeterThread: Thread started: User bid 1-1 
2013/11/26 22:39:44 INFO  - jmeter.threads.JMeterThread: Thread finished: User bid 1-1 
2013/11/26 22:39:44 INFO  - jmeter.engine.StandardJMeterEngine: Notifying test listeners of end of test 
2013/11/26 22:39:44 INFO  - jmeter.gui.util.JMeterMenuBar: setRunning(false,*local*) 
2013/11/26 22:40:26 INFO  - jmeter.engine.StandardJMeterEngine: Running the test! 
2013/11/26 22:40:26 INFO  - jmeter.samplers.SampleEvent: List of sample_variables: [] 
2013/11/26 22:40:26 INFO  - jmeter.gui.util.JMeterMenuBar: setRunning(true,*local*) 
2013/11/26 22:40:27 INFO  - jmeter.engine.StandardJMeterEngine: Starting ThreadGroup: 1 : User bid 
2013/11/26 22:40:27 INFO  - jmeter.engine.StandardJMeterEngine: Starting 1 threads for group User bid. 
2013/11/26 22:40:27 INFO  - jmeter.engine.StandardJMeterEngine: Thread will continue on error 
2013/11/26 22:40:27 INFO  - jmeter.threads.ThreadGroup: Starting thread group number 1 threads 1 ramp-up 1 perThread 1000.0 delayedStart=false 
2013/11/26 22:40:27 INFO  - jmeter.threads.ThreadGroup: Started thread group number 1 
2013/11/26 22:40:27 INFO  - jmeter.engine.StandardJMeterEngine: All thread groups have been started 
2013/11/26 22:40:27 INFO  - jmeter.threads.JMeterThread: Thread started: User bid 1-1 
2013/11/26 22:40:27 INFO  - jmeter.threads.JMeterThread: Thread finished: User bid 1-1 
2013/11/26 22:40:27 INFO  - jmeter.engine.StandardJMeterEngine: Notifying test listeners of end of test 
2013/11/26 22:40:27 INFO  - jmeter.gui.util.JMeterMenuBar: setRunning(false,*local*) 
2013/11/26 22:40:53 INFO  - jmeter.engine.StandardJMeterEngine: Running the test! 
2013/11/26 22:40:53 INFO  - jmeter.samplers.SampleEvent: List of sample_variables: [] 
2013/11/26 22:40:53 INFO  - jmeter.gui.util.JMeterMenuBar: setRunning(true,*local*) 
2013/11/26 22:40:53 INFO  - jmeter.engine.StandardJMeterEngine: Starting ThreadGroup: 1 : User bid 
2013/11/26 22:40:53 INFO  - jmeter.engine.StandardJMeterEngine: Starting 1 threads for group User bid. 
2013/11/26 22:40:53 INFO  - jmeter.engine.StandardJMeterEngine: Thread will continue on error 
2013/11/26 22:40:53 INFO  - jmeter.threads.ThreadGroup: Starting thread group number 1 threads 1 ramp-up 1 perThread 1000.0 delayedStart=false 
2013/11/26 22:40:53 INFO  - jmeter.threads.ThreadGroup: Started thread group number 1 
2013/11/26 22:40:53 INFO  - jmeter.engine.StandardJMeterEngine: All thread groups have been started 
2013/11/26 22:40:53 INFO  - jmeter.threads.JMeterThread: Thread started: User bid 1-1 
2013/11/26 22:40:54 INFO  - jmeter.threads.JMeterThread: Thread finished: User bid 1-1 
2013/11/26 22:40:54 INFO  - jmeter.engine.StandardJMeterEngine: Notifying test listeners of end of test 
2013/11/26 22:40:54 INFO  - jmeter.gui.util.JMeterMenuBar: setRunning(false,*local*) 
2013/11/26 22:41:40 INFO  - jmeter.engine.StandardJMeterEngine: Running the test! 
2013/11/26 22:41:40 INFO  - jmeter.samplers.SampleEvent: List of sample_variables: [] 
2013/11/26 22:41:40 INFO  - jmeter.gui.util.JMeterMenuBar: setRunning(true,*local*) 
2013/11/26 22:41:40 INFO  - jmeter.engine.StandardJMeterEngine: Starting ThreadGroup: 1 : User bid 
2013/11/26 22:41:40 INFO  - jmeter.engine.StandardJMeterEngine: Starting 1 threads for group User bid. 
2013/11/26 22:41:40 INFO  - jmeter.engine.StandardJMeterEngine: Thread will continue on error 
2013/11/26 22:41:40 INFO  - jmeter.threads.ThreadGroup: Starting thread group number 1 threads 1 ramp-up 1 perThread 1000.0 delayedStart=false 
2013/11/26 22:41:40 INFO  - jmeter.threads.ThreadGroup: Started thread group number 1 
2013/11/26 22:41:40 INFO  - jmeter.engine.StandardJMeterEngine: All thread groups have been started 
2013/11/26 22:41:40 INFO  - jmeter.threads.JMeterThread: Thread started: User bid 1-1 
2013/11/26 22:41:41 INFO  - jmeter.threads.JMeterThread: Thread finished: User bid 1-1 
2013/11/26 22:41:41 INFO  - jmeter.engine.StandardJMeterEngine: Notifying test listeners of end of test 
2013/11/26 22:41:41 INFO  - jmeter.gui.util.JMeterMenuBar: setRunning(false,*local*) 
2013/11/26 22:42:29 INFO  - jmeter.engine.StandardJMeterEngine: Running the test! 
2013/11/26 22:42:29 INFO  - jmeter.samplers.SampleEvent: List of sample_variables: [] 
2013/11/26 22:42:29 INFO  - jmeter.gui.util.JMeterMenuBar: setRunning(true,*local*) 
2013/11/26 22:42:29 INFO  - jmeter.engine.StandardJMeterEngine: Starting ThreadGroup: 1 : User bid 
2013/11/26 22:42:29 INFO  - jmeter.engine.StandardJMeterEngine: Starting 1 threads for group User bid. 
2013/11/26 22:42:29 INFO  - jmeter.engine.StandardJMeterEngine: Thread will continue on error 
2013/11/26 22:42:29 INFO  - jmeter.threads.ThreadGroup: Starting thread group number 1 threads 1 ramp-up 1 perThread 1000.0 delayedStart=false 
2013/11/26 22:42:29 INFO  - jmeter.threads.ThreadGroup: Started thread group number 1 
2013/11/26 22:42:29 INFO  - jmeter.engine.StandardJMeterEngine: All thread groups have been started 
2013/11/26 22:42:29 INFO  - jmeter.threads.JMeterThread: Thread started: User bid 1-1 
2013/11/26 22:42:29 INFO  - jmeter.threads.JMeterThread: Thread finished: User bid 1-1 
2013/11/26 22:42:29 INFO  - jmeter.engine.StandardJMeterEngine: Notifying test listeners of end of test 
2013/11/26 22:42:29 INFO  - jmeter.gui.util.JMeterMenuBar: setRunning(false,*local*) 
2013/11/26 22:43:37 INFO  - jmeter.engine.StandardJMeterEngine: Running the test! 
2013/11/26 22:43:37 INFO  - jmeter.samplers.SampleEvent: List of sample_variables: [] 
2013/11/26 22:43:37 INFO  - jmeter.gui.util.JMeterMenuBar: setRunning(true,*local*) 
2013/11/26 22:43:38 INFO  - jmeter.engine.StandardJMeterEngine: Starting ThreadGroup: 1 : User bid 
2013/11/26 22:43:38 INFO  - jmeter.engine.StandardJMeterEngine: Starting 1 threads for group User bid. 
2013/11/26 22:43:38 INFO  - jmeter.engine.StandardJMeterEngine: Thread will continue on error 
2013/11/26 22:43:38 INFO  - jmeter.threads.ThreadGroup: Starting thread group number 1 threads 1 ramp-up 1 perThread 1000.0 delayedStart=false 
2013/11/26 22:43:38 INFO  - jmeter.threads.ThreadGroup: Started thread group number 1 
2013/11/26 22:43:38 INFO  - jmeter.engine.StandardJMeterEngine: All thread groups have been started 
2013/11/26 22:43:38 INFO  - jmeter.threads.JMeterThread: Thread started: User bid 1-1 
2013/11/26 22:43:38 INFO  - jmeter.threads.JMeterThread: Thread finished: User bid 1-1 
2013/11/26 22:43:38 INFO  - jmeter.engine.StandardJMeterEngine: Notifying test listeners of end of test 
2013/11/26 22:43:38 INFO  - jmeter.gui.util.JMeterMenuBar: setRunning(false,*local*) 
2013/11/26 22:44:23 INFO  - jmeter.engine.StandardJMeterEngine: Running the test! 
2013/11/26 22:44:23 INFO  - jmeter.samplers.SampleEvent: List of sample_variables: [] 
2013/11/26 22:44:23 INFO  - jmeter.gui.util.JMeterMenuBar: setRunning(true,*local*) 
2013/11/26 22:44:23 INFO  - jmeter.engine.StandardJMeterEngine: Starting ThreadGroup: 1 : User bid 
2013/11/26 22:44:23 INFO  - jmeter.engine.StandardJMeterEngine: Starting 1 threads for group User bid. 
2013/11/26 22:44:23 INFO  - jmeter.engine.StandardJMeterEngine: Thread will continue on error 
2013/11/26 22:44:23 INFO  - jmeter.threads.ThreadGroup: Starting thread group number 1 threads 1 ramp-up 1 perThread 1000.0 delayedStart=false 
2013/11/26 22:44:23 INFO  - jmeter.threads.ThreadGroup: Started thread group number 1 
2013/11/26 22:44:23 INFO  - jmeter.engine.StandardJMeterEngine: All thread groups have been started 
2013/11/26 22:44:23 INFO  - jmeter.threads.JMeterThread: Thread started: User bid 1-1 
2013/11/26 22:44:23 INFO  - jmeter.threads.JMeterThread: Thread finished: User bid 1-1 
2013/11/26 22:44:23 INFO  - jmeter.engine.StandardJMeterEngine: Notifying test listeners of end of test 
2013/11/26 22:44:23 INFO  - jmeter.gui.util.JMeterMenuBar: setRunning(false,*local*) 
2013/11/26 22:45:37 INFO  - jmeter.engine.StandardJMeterEngine: Running the test! 
2013/11/26 22:45:37 INFO  - jmeter.samplers.SampleEvent: List of sample_variables: [] 
2013/11/26 22:45:37 INFO  - jmeter.gui.util.JMeterMenuBar: setRunning(true,*local*) 
2013/11/26 22:45:37 INFO  - jmeter.engine.StandardJMeterEngine: Starting ThreadGroup: 1 : User bid 
2013/11/26 22:45:37 INFO  - jmeter.engine.StandardJMeterEngine: Starting 1 threads for group User bid. 
2013/11/26 22:45:37 INFO  - jmeter.engine.StandardJMeterEngine: Thread will continue on error 
2013/11/26 22:45:37 INFO  - jmeter.threads.ThreadGroup: Starting thread group number 1 threads 1 ramp-up 1 perThread 1000.0 delayedStart=false 
2013/11/26 22:45:37 INFO  - jmeter.threads.ThreadGroup: Started thread group number 1 
2013/11/26 22:45:37 INFO  - jmeter.engine.StandardJMeterEngine: All thread groups have been started 
2013/11/26 22:45:37 INFO  - jmeter.threads.JMeterThread: Thread started: User bid 1-1 
2013/11/26 22:45:38 INFO  - jmeter.threads.JMeterThread: Thread finished: User bid 1-1 
2013/11/26 22:45:38 INFO  - jmeter.engine.StandardJMeterEngine: Notifying test listeners of end of test 
2013/11/26 22:45:38 INFO  - jmeter.gui.util.JMeterMenuBar: setRunning(false,*local*) 
2013/11/26 22:50:32 INFO  - jmeter.engine.StandardJMeterEngine: Running the test! 
2013/11/26 22:50:32 INFO  - jmeter.samplers.SampleEvent: List of sample_variables: [] 
2013/11/26 22:50:32 INFO  - jmeter.gui.util.JMeterMenuBar: setRunning(true,*local*) 
2013/11/26 22:50:32 INFO  - jmeter.engine.StandardJMeterEngine: Starting ThreadGroup: 1 : User bid 
2013/11/26 22:50:32 INFO  - jmeter.engine.StandardJMeterEngine: Starting 1 threads for group User bid. 
2013/11/26 22:50:32 INFO  - jmeter.engine.StandardJMeterEngine: Thread will continue on error 
2013/11/26 22:50:32 INFO  - jmeter.threads.ThreadGroup: Starting thread group number 1 threads 1 ramp-up 1 perThread 1000.0 delayedStart=false 
2013/11/26 22:50:32 INFO  - jmeter.threads.ThreadGroup: Started thread group number 1 
2013/11/26 22:50:32 INFO  - jmeter.engine.StandardJMeterEngine: All thread groups have been started 
2013/11/26 22:50:32 INFO  - jmeter.threads.JMeterThread: Thread started: User bid 1-1 
2013/11/26 22:50:32 INFO  - jmeter.threads.JMeterThread: Thread finished: User bid 1-1 
2013/11/26 22:50:32 INFO  - jmeter.engine.StandardJMeterEngine: Notifying test listeners of end of test 
2013/11/26 22:50:32 INFO  - jmeter.gui.util.JMeterMenuBar: setRunning(false,*local*) 
2013/11/26 22:54:57 INFO  - jmeter.engine.StandardJMeterEngine: Running the test! 
2013/11/26 22:54:57 INFO  - jmeter.samplers.SampleEvent: List of sample_variables: [] 
2013/11/26 22:54:57 INFO  - jmeter.gui.util.JMeterMenuBar: setRunning(true,*local*) 
2013/11/26 22:54:57 INFO  - jmeter.engine.StandardJMeterEngine: Starting ThreadGroup: 1 : User bid 
2013/11/26 22:54:57 INFO  - jmeter.engine.StandardJMeterEngine: Starting 1 threads for group User bid. 
2013/11/26 22:54:57 INFO  - jmeter.engine.StandardJMeterEngine: Thread will continue on error 
2013/11/26 22:54:57 INFO  - jmeter.threads.ThreadGroup: Starting thread group number 1 threads 1 ramp-up 1 perThread 1000.0 delayedStart=false 
2013/11/26 22:54:57 INFO  - jmeter.threads.ThreadGroup: Started thread group number 1 
2013/11/26 22:54:57 INFO  - jmeter.engine.StandardJMeterEngine: All thread groups have been started 
2013/11/26 22:54:57 INFO  - jmeter.threads.JMeterThread: Thread started: User bid 1-1 
2013/11/26 22:54:58 INFO  - jmeter.threads.JMeterThread: Thread finished: User bid 1-1 
2013/11/26 22:54:58 INFO  - jmeter.engine.StandardJMeterEngine: Notifying test listeners of end of test 
2013/11/26 22:54:58 INFO  - jmeter.gui.util.JMeterMenuBar: setRunning(false,*local*) 
2013/11/26 23:07:34 INFO  - jmeter.engine.StandardJMeterEngine: Running the test! 
2013/11/26 23:07:34 INFO  - jmeter.samplers.SampleEvent: List of sample_variables: [] 
2013/11/26 23:07:34 INFO  - jmeter.gui.util.JMeterMenuBar: setRunning(true,*local*) 
2013/11/26 23:07:34 INFO  - jmeter.engine.StandardJMeterEngine: Starting ThreadGroup: 1 : User bid 
2013/11/26 23:07:34 INFO  - jmeter.engine.StandardJMeterEngine: Starting 1 threads for group User bid. 
2013/11/26 23:07:34 INFO  - jmeter.engine.StandardJMeterEngine: Thread will continue on error 
2013/11/26 23:07:34 INFO  - jmeter.threads.ThreadGroup: Starting thread group number 1 threads 1 ramp-up 1 perThread 1000.0 delayedStart=false 
2013/11/26 23:07:34 INFO  - jmeter.threads.ThreadGroup: Started thread group number 1 
2013/11/26 23:07:34 INFO  - jmeter.engine.StandardJMeterEngine: All thread groups have been started 
2013/11/26 23:07:34 INFO  - jmeter.threads.JMeterThread: Thread started: User bid 1-1 
2013/11/26 23:07:34 INFO  - jmeter.threads.JMeterThread: Thread finished: User bid 1-1 
2013/11/26 23:07:34 INFO  - jmeter.engine.StandardJMeterEngine: Notifying test listeners of end of test 
2013/11/26 23:07:34 INFO  - jmeter.gui.util.JMeterMenuBar: setRunning(false,*local*) 
2013/11/26 23:10:01 INFO  - jmeter.engine.StandardJMeterEngine: Running the test! 
2013/11/26 23:10:01 INFO  - jmeter.samplers.SampleEvent: List of sample_variables: [] 
2013/11/26 23:10:01 INFO  - jmeter.gui.util.JMeterMenuBar: setRunning(true,*local*) 
2013/11/26 23:10:01 INFO  - jmeter.engine.StandardJMeterEngine: Starting ThreadGroup: 1 : User bid 
2013/11/26 23:10:01 INFO  - jmeter.engine.StandardJMeterEngine: Starting 1 threads for group User bid. 
2013/11/26 23:10:01 INFO  - jmeter.engine.StandardJMeterEngine: Thread will continue on error 
2013/11/26 23:10:01 INFO  - jmeter.threads.ThreadGroup: Starting thread group number 1 threads 1 ramp-up 1 perThread 1000.0 delayedStart=false 
2013/11/26 23:10:01 INFO  - jmeter.threads.ThreadGroup: Started thread group number 1 
2013/11/26 23:10:01 INFO  - jmeter.engine.StandardJMeterEngine: All thread groups have been started 
2013/11/26 23:10:01 INFO  - jmeter.threads.JMeterThread: Thread started: User bid 1-1 
2013/11/26 23:10:01 INFO  - jmeter.threads.JMeterThread: Thread finished: User bid 1-1 
2013/11/26 23:10:01 INFO  - jmeter.engine.StandardJMeterEngine: Notifying test listeners of end of test 
2013/11/26 23:10:01 INFO  - jmeter.gui.util.JMeterMenuBar: setRunning(false,*local*) 
2013/11/26 23:10:35 INFO  - jmeter.engine.StandardJMeterEngine: Running the test! 
2013/11/26 23:10:35 INFO  - jmeter.samplers.SampleEvent: List of sample_variables: [] 
2013/11/26 23:10:35 INFO  - jmeter.gui.util.JMeterMenuBar: setRunning(true,*local*) 
2013/11/26 23:10:35 INFO  - jmeter.engine.StandardJMeterEngine: Starting ThreadGroup: 1 : User bid 
2013/11/26 23:10:35 INFO  - jmeter.engine.StandardJMeterEngine: Starting 1 threads for group User bid. 
2013/11/26 23:10:35 INFO  - jmeter.engine.StandardJMeterEngine: Thread will continue on error 
2013/11/26 23:10:35 INFO  - jmeter.threads.ThreadGroup: Starting thread group number 1 threads 1 ramp-up 1 perThread 1000.0 delayedStart=false 
2013/11/26 23:10:35 INFO  - jmeter.threads.ThreadGroup: Started thread group number 1 
2013/11/26 23:10:35 INFO  - jmeter.engine.StandardJMeterEngine: All thread groups have been started 
2013/11/26 23:10:35 INFO  - jmeter.threads.JMeterThread: Thread started: User bid 1-1 
2013/11/26 23:10:35 INFO  - jmeter.threads.JMeterThread: Thread finished: User bid 1-1 
2013/11/26 23:10:35 INFO  - jmeter.engine.StandardJMeterEngine: Notifying test listeners of end of test 
2013/11/26 23:10:35 INFO  - jmeter.gui.util.JMeterMenuBar: setRunning(false,*local*) 
2013/11/26 23:11:13 INFO  - jmeter.engine.StandardJMeterEngine: Running the test! 
2013/11/26 23:11:13 INFO  - jmeter.samplers.SampleEvent: List of sample_variables: [] 
2013/11/26 23:11:13 INFO  - jmeter.gui.util.JMeterMenuBar: setRunning(true,*local*) 
2013/11/26 23:11:13 INFO  - jmeter.engine.StandardJMeterEngine: Starting ThreadGroup: 1 : User bid 
2013/11/26 23:11:13 INFO  - jmeter.engine.StandardJMeterEngine: Starting 1 threads for group User bid. 
2013/11/26 23:11:13 INFO  - jmeter.engine.StandardJMeterEngine: Thread will continue on error 
2013/11/26 23:11:13 INFO  - jmeter.threads.ThreadGroup: Starting thread group number 1 threads 1 ramp-up 1 perThread 1000.0 delayedStart=false 
2013/11/26 23:11:13 INFO  - jmeter.threads.ThreadGroup: Started thread group number 1 
2013/11/26 23:11:13 INFO  - jmeter.engine.StandardJMeterEngine: All thread groups have been started 
2013/11/26 23:11:13 INFO  - jmeter.threads.JMeterThread: Thread started: User bid 1-1 
2013/11/26 23:11:13 INFO  - jmeter.threads.JMeterThread: Thread finished: User bid 1-1 
2013/11/26 23:11:13 INFO  - jmeter.engine.StandardJMeterEngine: Notifying test listeners of end of test 
2013/11/26 23:11:13 INFO  - jmeter.gui.util.JMeterMenuBar: setRunning(false,*local*) 
2013/11/26 23:11:40 INFO  - jmeter.engine.StandardJMeterEngine: Running the test! 
2013/11/26 23:11:40 INFO  - jmeter.samplers.SampleEvent: List of sample_variables: [] 
2013/11/26 23:11:40 INFO  - jmeter.gui.util.JMeterMenuBar: setRunning(true,*local*) 
2013/11/26 23:11:40 INFO  - jmeter.engine.StandardJMeterEngine: Starting ThreadGroup: 1 : User bid 
2013/11/26 23:11:40 INFO  - jmeter.engine.StandardJMeterEngine: Starting 1 threads for group User bid. 
2013/11/26 23:11:40 INFO  - jmeter.engine.StandardJMeterEngine: Thread will continue on error 
2013/11/26 23:11:40 INFO  - jmeter.threads.ThreadGroup: Starting thread group number 1 threads 1 ramp-up 1 perThread 1000.0 delayedStart=false 
2013/11/26 23:11:40 INFO  - jmeter.threads.ThreadGroup: Started thread group number 1 
2013/11/26 23:11:40 INFO  - jmeter.engine.StandardJMeterEngine: All thread groups have been started 
2013/11/26 23:11:40 INFO  - jmeter.threads.JMeterThread: Thread started: User bid 1-1 
2013/11/26 23:11:41 INFO  - jmeter.threads.JMeterThread: Thread finished: User bid 1-1 
2013/11/26 23:11:41 INFO  - jmeter.engine.StandardJMeterEngine: Notifying test listeners of end of test 
2013/11/26 23:11:41 INFO  - jmeter.gui.util.JMeterMenuBar: setRunning(false,*local*) 
2013/11/26 23:12:02 INFO  - jmeter.engine.StandardJMeterEngine: Running the test! 
2013/11/26 23:12:02 INFO  - jmeter.samplers.SampleEvent: List of sample_variables: [] 
2013/11/26 23:12:02 INFO  - jmeter.gui.util.JMeterMenuBar: setRunning(true,*local*) 
2013/11/26 23:12:02 INFO  - jmeter.engine.StandardJMeterEngine: Starting ThreadGroup: 1 : User bid 
2013/11/26 23:12:02 INFO  - jmeter.engine.StandardJMeterEngine: Starting 1 threads for group User bid. 
2013/11/26 23:12:02 INFO  - jmeter.engine.StandardJMeterEngine: Thread will continue on error 
2013/11/26 23:12:02 INFO  - jmeter.threads.ThreadGroup: Starting thread group number 1 threads 1 ramp-up 1 perThread 1000.0 delayedStart=false 
2013/11/26 23:12:02 INFO  - jmeter.threads.ThreadGroup: Started thread group number 1 
2013/11/26 23:12:02 INFO  - jmeter.engine.StandardJMeterEngine: All thread groups have been started 
2013/11/26 23:12:02 INFO  - jmeter.threads.JMeterThread: Thread started: User bid 1-1 
2013/11/26 23:12:03 INFO  - jmeter.threads.JMeterThread: Thread finished: User bid 1-1 
2013/11/26 23:12:03 INFO  - jmeter.engine.StandardJMeterEngine: Notifying test listeners of end of test 
2013/11/26 23:12:03 INFO  - jmeter.gui.util.JMeterMenuBar: setRunning(false,*local*) 
2013/11/26 23:12:44 INFO  - jmeter.engine.StandardJMeterEngine: Running the test! 
2013/11/26 23:12:44 INFO  - jmeter.samplers.SampleEvent: List of sample_variables: [] 
2013/11/26 23:12:44 INFO  - jmeter.gui.util.JMeterMenuBar: setRunning(true,*local*) 
2013/11/26 23:12:44 INFO  - jmeter.engine.StandardJMeterEngine: Starting ThreadGroup: 1 : User bid 
2013/11/26 23:12:44 INFO  - jmeter.engine.StandardJMeterEngine: Starting 1 threads for group User bid. 
2013/11/26 23:12:44 INFO  - jmeter.engine.StandardJMeterEngine: Thread will continue on error 
2013/11/26 23:12:44 INFO  - jmeter.threads.ThreadGroup: Starting thread group number 1 threads 1 ramp-up 1 perThread 1000.0 delayedStart=false 
2013/11/26 23:12:44 INFO  - jmeter.threads.ThreadGroup: Started thread group number 1 
2013/11/26 23:12:44 INFO  - jmeter.engine.StandardJMeterEngine: All thread groups have been started 
2013/11/26 23:12:44 INFO  - jmeter.threads.JMeterThread: Thread started: User bid 1-1 
2013/11/26 23:12:45 INFO  - jmeter.threads.JMeterThread: Thread finished: User bid 1-1 
2013/11/26 23:12:45 INFO  - jmeter.engine.StandardJMeterEngine: Notifying test listeners of end of test 
2013/11/26 23:12:45 INFO  - jmeter.gui.util.JMeterMenuBar: setRunning(false,*local*) 
2013/11/26 23:13:02 INFO  - jmeter.engine.StandardJMeterEngine: Running the test! 
2013/11/26 23:13:02 INFO  - jmeter.samplers.SampleEvent: List of sample_variables: [] 
2013/11/26 23:13:02 INFO  - jmeter.gui.util.JMeterMenuBar: setRunning(true,*local*) 
2013/11/26 23:13:02 INFO  - jmeter.engine.StandardJMeterEngine: Starting ThreadGroup: 1 : User bid 
2013/11/26 23:13:02 INFO  - jmeter.engine.StandardJMeterEngine: Starting 1 threads for group User bid. 
2013/11/26 23:13:02 INFO  - jmeter.engine.StandardJMeterEngine: Thread will continue on error 
2013/11/26 23:13:02 INFO  - jmeter.threads.ThreadGroup: Starting thread group number 1 threads 1 ramp-up 1 perThread 1000.0 delayedStart=false 
2013/11/26 23:13:02 INFO  - jmeter.threads.ThreadGroup: Started thread group number 1 
2013/11/26 23:13:02 INFO  - jmeter.engine.StandardJMeterEngine: All thread groups have been started 
2013/11/26 23:13:02 INFO  - jmeter.threads.JMeterThread: Thread started: User bid 1-1 
2013/11/26 23:13:03 INFO  - jmeter.threads.JMeterThread: Thread finished: User bid 1-1 
2013/11/26 23:13:03 INFO  - jmeter.engine.StandardJMeterEngine: Notifying test listeners of end of test 
2013/11/26 23:13:03 INFO  - jmeter.gui.util.JMeterMenuBar: setRunning(false,*local*) 
2013/11/26 23:13:55 INFO  - jmeter.engine.StandardJMeterEngine: Running the test! 
2013/11/26 23:13:55 INFO  - jmeter.samplers.SampleEvent: List of sample_variables: [] 
2013/11/26 23:13:55 INFO  - jmeter.gui.util.JMeterMenuBar: setRunning(true,*local*) 
2013/11/26 23:13:55 INFO  - jmeter.engine.StandardJMeterEngine: Starting ThreadGroup: 1 : User bid 
2013/11/26 23:13:55 INFO  - jmeter.engine.StandardJMeterEngine: Starting 1 threads for group User bid. 
2013/11/26 23:13:55 INFO  - jmeter.engine.StandardJMeterEngine: Thread will continue on error 
2013/11/26 23:13:55 INFO  - jmeter.threads.ThreadGroup: Starting thread group number 1 threads 1 ramp-up 1 perThread 1000.0 delayedStart=false 
2013/11/26 23:13:55 INFO  - jmeter.threads.ThreadGroup: Started thread group number 1 
2013/11/26 23:13:55 INFO  - jmeter.engine.StandardJMeterEngine: All thread groups have been started 
2013/11/26 23:13:55 INFO  - jmeter.threads.JMeterThread: Thread started: User bid 1-1 
2013/11/26 23:13:55 INFO  - jmeter.threads.JMeterThread: Thread finished: User bid 1-1 
2013/11/26 23:13:55 INFO  - jmeter.engine.StandardJMeterEngine: Notifying test listeners of end of test 
2013/11/26 23:13:55 INFO  - jmeter.gui.util.JMeterMenuBar: setRunning(false,*local*) 
2013/11/26 23:14:25 INFO  - jmeter.engine.StandardJMeterEngine: Running the test! 
2013/11/26 23:14:25 INFO  - jmeter.samplers.SampleEvent: List of sample_variables: [] 
2013/11/26 23:14:25 INFO  - jmeter.gui.util.JMeterMenuBar: setRunning(true,*local*) 
2013/11/26 23:14:25 INFO  - jmeter.engine.StandardJMeterEngine: Starting ThreadGroup: 1 : User bid 
2013/11/26 23:14:25 INFO  - jmeter.engine.StandardJMeterEngine: Starting 1 threads for group User bid. 
2013/11/26 23:14:25 INFO  - jmeter.engine.StandardJMeterEngine: Thread will continue on error 
2013/11/26 23:14:25 INFO  - jmeter.threads.ThreadGroup: Starting thread group number 1 threads 1 ramp-up 1 perThread 1000.0 delayedStart=false 
2013/11/26 23:14:25 INFO  - jmeter.threads.ThreadGroup: Started thread group number 1 
2013/11/26 23:14:25 INFO  - jmeter.engine.StandardJMeterEngine: All thread groups have been started 
2013/11/26 23:14:25 INFO  - jmeter.threads.JMeterThread: Thread started: User bid 1-1 
2013/11/26 23:14:25 INFO  - jmeter.threads.JMeterThread: Thread finished: User bid 1-1 
2013/11/26 23:14:25 INFO  - jmeter.engine.StandardJMeterEngine: Notifying test listeners of end of test 
2013/11/26 23:14:25 INFO  - jmeter.gui.util.JMeterMenuBar: setRunning(false,*local*) 
2013/11/26 23:14:59 INFO  - jmeter.engine.StandardJMeterEngine: Running the test! 
2013/11/26 23:14:59 INFO  - jmeter.samplers.SampleEvent: List of sample_variables: [] 
2013/11/26 23:14:59 INFO  - jmeter.gui.util.JMeterMenuBar: setRunning(true,*local*) 
2013/11/26 23:15:00 INFO  - jmeter.engine.StandardJMeterEngine: Starting ThreadGroup: 1 : User bid 
2013/11/26 23:15:00 INFO  - jmeter.engine.StandardJMeterEngine: Starting 1 threads for group User bid. 
2013/11/26 23:15:00 INFO  - jmeter.engine.StandardJMeterEngine: Thread will continue on error 
2013/11/26 23:15:00 INFO  - jmeter.threads.ThreadGroup: Starting thread group number 1 threads 1 ramp-up 1 perThread 1000.0 delayedStart=false 
2013/11/26 23:15:00 INFO  - jmeter.threads.ThreadGroup: Started thread group number 1 
2013/11/26 23:15:00 INFO  - jmeter.engine.StandardJMeterEngine: All thread groups have been started 
2013/11/26 23:15:00 INFO  - jmeter.threads.JMeterThread: Thread started: User bid 1-1 
2013/11/26 23:15:00 INFO  - jmeter.threads.JMeterThread: Thread finished: User bid 1-1 
2013/11/26 23:15:00 INFO  - jmeter.engine.StandardJMeterEngine: Notifying test listeners of end of test 
2013/11/26 23:15:00 INFO  - jmeter.gui.util.JMeterMenuBar: setRunning(false,*local*) 
2013/11/26 23:16:42 INFO  - jmeter.engine.StandardJMeterEngine: Running the test! 
2013/11/26 23:16:42 INFO  - jmeter.samplers.SampleEvent: List of sample_variables: [] 
2013/11/26 23:16:42 INFO  - jmeter.gui.util.JMeterMenuBar: setRunning(true,*local*) 
2013/11/26 23:16:42 INFO  - jmeter.engine.StandardJMeterEngine: Starting ThreadGroup: 1 : User bid 
2013/11/26 23:16:42 INFO  - jmeter.engine.StandardJMeterEngine: Starting 1 threads for group User bid. 
2013/11/26 23:16:42 INFO  - jmeter.engine.StandardJMeterEngine: Thread will continue on error 
2013/11/26 23:16:42 INFO  - jmeter.threads.ThreadGroup: Starting thread group number 1 threads 1 ramp-up 1 perThread 1000.0 delayedStart=false 
2013/11/26 23:16:42 INFO  - jmeter.threads.ThreadGroup: Started thread group number 1 
2013/11/26 23:16:42 INFO  - jmeter.engine.StandardJMeterEngine: All thread groups have been started 
2013/11/26 23:16:42 INFO  - jmeter.threads.JMeterThread: Thread started: User bid 1-1 
2013/11/26 23:16:43 INFO  - jmeter.threads.JMeterThread: Thread finished: User bid 1-1 
2013/11/26 23:16:43 INFO  - jmeter.engine.StandardJMeterEngine: Notifying test listeners of end of test 
2013/11/26 23:16:43 INFO  - jmeter.gui.util.JMeterMenuBar: setRunning(false,*local*) 
2013/11/26 23:17:41 INFO  - jmeter.engine.StandardJMeterEngine: Running the test! 
2013/11/26 23:17:41 INFO  - jmeter.samplers.SampleEvent: List of sample_variables: [] 
2013/11/26 23:17:41 INFO  - jmeter.gui.util.JMeterMenuBar: setRunning(true,*local*) 
2013/11/26 23:17:41 INFO  - jmeter.engine.StandardJMeterEngine: Starting ThreadGroup: 1 : User bid 
2013/11/26 23:17:41 INFO  - jmeter.engine.StandardJMeterEngine: Starting 1 threads for group User bid. 
2013/11/26 23:17:41 INFO  - jmeter.engine.StandardJMeterEngine: Thread will continue on error 
2013/11/26 23:17:41 INFO  - jmeter.threads.ThreadGroup: Starting thread group number 1 threads 1 ramp-up 1 perThread 1000.0 delayedStart=false 
2013/11/26 23:17:41 INFO  - jmeter.threads.ThreadGroup: Started thread group number 1 
2013/11/26 23:17:41 INFO  - jmeter.engine.StandardJMeterEngine: All thread groups have been started 
2013/11/26 23:17:41 INFO  - jmeter.threads.JMeterThread: Thread started: User bid 1-1 
2013/11/26 23:17:41 INFO  - jmeter.threads.JMeterThread: Thread finished: User bid 1-1 
2013/11/26 23:17:41 INFO  - jmeter.engine.StandardJMeterEngine: Notifying test listeners of end of test 
2013/11/26 23:17:41 INFO  - jmeter.gui.util.JMeterMenuBar: setRunning(false,*local*) 
2013/11/26 23:18:42 INFO  - jmeter.engine.StandardJMeterEngine: Running the test! 
2013/11/26 23:18:42 INFO  - jmeter.samplers.SampleEvent: List of sample_variables: [] 
2013/11/26 23:18:42 INFO  - jmeter.gui.util.JMeterMenuBar: setRunning(true,*local*) 
2013/11/26 23:18:42 INFO  - jmeter.engine.StandardJMeterEngine: Starting ThreadGroup: 1 : User bid 
2013/11/26 23:18:42 INFO  - jmeter.engine.StandardJMeterEngine: Starting 1 threads for group User bid. 
2013/11/26 23:18:42 INFO  - jmeter.engine.StandardJMeterEngine: Thread will continue on error 
2013/11/26 23:18:42 INFO  - jmeter.threads.ThreadGroup: Starting thread group number 1 threads 1 ramp-up 1 perThread 1000.0 delayedStart=false 
2013/11/26 23:18:42 INFO  - jmeter.threads.ThreadGroup: Started thread group number 1 
2013/11/26 23:18:42 INFO  - jmeter.engine.StandardJMeterEngine: All thread groups have been started 
2013/11/26 23:18:42 INFO  - jmeter.threads.JMeterThread: Thread started: User bid 1-1 
2013/11/26 23:18:42 INFO  - jmeter.threads.JMeterThread: Thread finished: User bid 1-1 
2013/11/26 23:18:42 INFO  - jmeter.engine.StandardJMeterEngine: Notifying test listeners of end of test 
2013/11/26 23:18:42 INFO  - jmeter.gui.util.JMeterMenuBar: setRunning(false,*local*) 
2013/11/26 23:19:46 INFO  - jmeter.engine.StandardJMeterEngine: Running the test! 
2013/11/26 23:19:46 INFO  - jmeter.samplers.SampleEvent: List of sample_variables: [] 
2013/11/26 23:19:46 INFO  - jmeter.gui.util.JMeterMenuBar: setRunning(true,*local*) 
2013/11/26 23:19:46 INFO  - jmeter.engine.StandardJMeterEngine: Starting ThreadGroup: 1 : User bid 
2013/11/26 23:19:46 INFO  - jmeter.engine.StandardJMeterEngine: Starting 1 threads for group User bid. 
2013/11/26 23:19:46 INFO  - jmeter.engine.StandardJMeterEngine: Thread will continue on error 
2013/11/26 23:19:46 INFO  - jmeter.threads.ThreadGroup: Starting thread group number 1 threads 1 ramp-up 1 perThread 1000.0 delayedStart=false 
2013/11/26 23:19:46 INFO  - jmeter.threads.ThreadGroup: Started thread group number 1 
2013/11/26 23:19:46 INFO  - jmeter.engine.StandardJMeterEngine: All thread groups have been started 
2013/11/26 23:19:46 INFO  - jmeter.threads.JMeterThread: Thread started: User bid 1-1 
2013/11/26 23:19:47 INFO  - jmeter.threads.JMeterThread: Thread finished: User bid 1-1 
2013/11/26 23:19:47 INFO  - jmeter.engine.StandardJMeterEngine: Notifying test listeners of end of test 
2013/11/26 23:19:47 INFO  - jmeter.gui.util.JMeterMenuBar: setRunning(false,*local*) 
2013/11/26 23:20:14 INFO  - jmeter.engine.StandardJMeterEngine: Running the test! 
2013/11/26 23:20:14 INFO  - jmeter.samplers.SampleEvent: List of sample_variables: [] 
2013/11/26 23:20:14 INFO  - jmeter.gui.util.JMeterMenuBar: setRunning(true,*local*) 
2013/11/26 23:20:14 INFO  - jmeter.engine.StandardJMeterEngine: Starting ThreadGroup: 1 : User bid 
2013/11/26 23:20:14 INFO  - jmeter.engine.StandardJMeterEngine: Starting 1 threads for group User bid. 
2013/11/26 23:20:14 INFO  - jmeter.engine.StandardJMeterEngine: Thread will continue on error 
2013/11/26 23:20:14 INFO  - jmeter.threads.ThreadGroup: Starting thread group number 1 threads 1 ramp-up 1 perThread 1000.0 delayedStart=false 
2013/11/26 23:20:14 INFO  - jmeter.threads.ThreadGroup: Started thread group number 1 
2013/11/26 23:20:14 INFO  - jmeter.engine.StandardJMeterEngine: All thread groups have been started 
2013/11/26 23:20:14 INFO  - jmeter.threads.JMeterThread: Thread started: User bid 1-1 
2013/11/26 23:20:15 INFO  - jmeter.threads.JMeterThread: Thread finished: User bid 1-1 
2013/11/26 23:20:15 INFO  - jmeter.engine.StandardJMeterEngine: Notifying test listeners of end of test 
2013/11/26 23:20:15 INFO  - jmeter.gui.util.JMeterMenuBar: setRunning(false,*local*) 
2013/11/26 23:21:14 INFO  - jmeter.engine.StandardJMeterEngine: Running the test! 
2013/11/26 23:21:14 INFO  - jmeter.samplers.SampleEvent: List of sample_variables: [] 
2013/11/26 23:21:14 INFO  - jmeter.gui.util.JMeterMenuBar: setRunning(true,*local*) 
2013/11/26 23:21:14 INFO  - jmeter.engine.StandardJMeterEngine: Starting ThreadGroup: 1 : User bid 
2013/11/26 23:21:14 INFO  - jmeter.engine.StandardJMeterEngine: Starting 1 threads for group User bid. 
2013/11/26 23:21:14 INFO  - jmeter.engine.StandardJMeterEngine: Thread will continue on error 
2013/11/26 23:21:14 INFO  - jmeter.threads.ThreadGroup: Starting thread group number 1 threads 1 ramp-up 1 perThread 1000.0 delayedStart=false 
2013/11/26 23:21:14 INFO  - jmeter.threads.ThreadGroup: Started thread group number 1 
2013/11/26 23:21:14 INFO  - jmeter.engine.StandardJMeterEngine: All thread groups have been started 
2013/11/26 23:21:14 INFO  - jmeter.threads.JMeterThread: Thread started: User bid 1-1 
2013/11/26 23:21:15 INFO  - jmeter.threads.JMeterThread: Thread finished: User bid 1-1 
2013/11/26 23:21:15 INFO  - jmeter.engine.StandardJMeterEngine: Notifying test listeners of end of test 
2013/11/26 23:21:15 INFO  - jmeter.gui.util.JMeterMenuBar: setRunning(false,*local*) 
2013/11/26 23:21:48 INFO  - jmeter.engine.StandardJMeterEngine: Running the test! 
2013/11/26 23:21:48 INFO  - jmeter.samplers.SampleEvent: List of sample_variables: [] 
2013/11/26 23:21:48 INFO  - jmeter.gui.util.JMeterMenuBar: setRunning(true,*local*) 
2013/11/26 23:21:48 INFO  - jmeter.engine.StandardJMeterEngine: Starting ThreadGroup: 1 : User bid 
2013/11/26 23:21:48 INFO  - jmeter.engine.StandardJMeterEngine: Starting 1 threads for group User bid. 
2013/11/26 23:21:48 INFO  - jmeter.engine.StandardJMeterEngine: Thread will continue on error 
2013/11/26 23:21:48 INFO  - jmeter.threads.ThreadGroup: Starting thread group number 1 threads 1 ramp-up 1 perThread 1000.0 delayedStart=false 
2013/11/26 23:21:48 INFO  - jmeter.threads.ThreadGroup: Started thread group number 1 
2013/11/26 23:21:48 INFO  - jmeter.engine.StandardJMeterEngine: All thread groups have been started 
2013/11/26 23:21:48 INFO  - jmeter.threads.JMeterThread: Thread started: User bid 1-1 
2013/11/26 23:21:48 INFO  - jmeter.threads.JMeterThread: Thread finished: User bid 1-1 
2013/11/26 23:21:48 INFO  - jmeter.engine.StandardJMeterEngine: Notifying test listeners of end of test 
2013/11/26 23:21:48 INFO  - jmeter.gui.util.JMeterMenuBar: setRunning(false,*local*) 
2013/11/26 23:22:18 INFO  - jmeter.engine.StandardJMeterEngine: Running the test! 
2013/11/26 23:22:18 INFO  - jmeter.samplers.SampleEvent: List of sample_variables: [] 
2013/11/26 23:22:18 INFO  - jmeter.gui.util.JMeterMenuBar: setRunning(true,*local*) 
2013/11/26 23:22:18 INFO  - jmeter.engine.StandardJMeterEngine: Starting ThreadGroup: 1 : User bid 
2013/11/26 23:22:18 INFO  - jmeter.engine.StandardJMeterEngine: Starting 1 threads for group User bid. 
2013/11/26 23:22:18 INFO  - jmeter.engine.StandardJMeterEngine: Thread will continue on error 
2013/11/26 23:22:18 INFO  - jmeter.threads.ThreadGroup: Starting thread group number 1 threads 1 ramp-up 1 perThread 1000.0 delayedStart=false 
2013/11/26 23:22:18 INFO  - jmeter.threads.ThreadGroup: Started thread group number 1 
2013/11/26 23:22:18 INFO  - jmeter.engine.StandardJMeterEngine: All thread groups have been started 
2013/11/26 23:22:18 INFO  - jmeter.threads.JMeterThread: Thread started: User bid 1-1 
2013/11/26 23:22:19 INFO  - jmeter.threads.JMeterThread: Thread finished: User bid 1-1 
2013/11/26 23:22:19 INFO  - jmeter.engine.StandardJMeterEngine: Notifying test listeners of end of test 
2013/11/26 23:22:19 INFO  - jmeter.gui.util.JMeterMenuBar: setRunning(false,*local*) 
2013/11/26 23:23:08 INFO  - jmeter.engine.StandardJMeterEngine: Running the test! 
2013/11/26 23:23:08 INFO  - jmeter.samplers.SampleEvent: List of sample_variables: [] 
2013/11/26 23:23:08 INFO  - jmeter.gui.util.JMeterMenuBar: setRunning(true,*local*) 
2013/11/26 23:23:08 INFO  - jmeter.engine.StandardJMeterEngine: Starting ThreadGroup: 1 : User bid 
2013/11/26 23:23:08 INFO  - jmeter.engine.StandardJMeterEngine: Starting 1 threads for group User bid. 
2013/11/26 23:23:08 INFO  - jmeter.engine.StandardJMeterEngine: Thread will continue on error 
2013/11/26 23:23:08 INFO  - jmeter.threads.ThreadGroup: Starting thread group number 1 threads 1 ramp-up 1 perThread 1000.0 delayedStart=false 
2013/11/26 23:23:08 INFO  - jmeter.threads.ThreadGroup: Started thread group number 1 
2013/11/26 23:23:08 INFO  - jmeter.engine.StandardJMeterEngine: All thread groups have been started 
2013/11/26 23:23:08 INFO  - jmeter.threads.JMeterThread: Thread started: User bid 1-1 
2013/11/26 23:23:12 INFO  - jmeter.threads.JMeterThread: Thread finished: User bid 1-1 
2013/11/26 23:23:12 INFO  - jmeter.engine.StandardJMeterEngine: Notifying test listeners of end of test 
2013/11/26 23:23:12 INFO  - jmeter.gui.util.JMeterMenuBar: setRunning(false,*local*) 
2013/11/26 23:23:46 INFO  - jmeter.engine.StandardJMeterEngine: Running the test! 
2013/11/26 23:23:46 INFO  - jmeter.samplers.SampleEvent: List of sample_variables: [] 
2013/11/26 23:23:46 INFO  - jmeter.gui.util.JMeterMenuBar: setRunning(true,*local*) 
2013/11/26 23:23:46 INFO  - jmeter.engine.StandardJMeterEngine: Starting ThreadGroup: 1 : User bid 
2013/11/26 23:23:46 INFO  - jmeter.engine.StandardJMeterEngine: Starting 1 threads for group User bid. 
2013/11/26 23:23:46 INFO  - jmeter.engine.StandardJMeterEngine: Thread will continue on error 
2013/11/26 23:23:46 INFO  - jmeter.threads.ThreadGroup: Starting thread group number 1 threads 1 ramp-up 1 perThread 1000.0 delayedStart=false 
2013/11/26 23:23:46 INFO  - jmeter.threads.ThreadGroup: Started thread group number 1 
2013/11/26 23:23:46 INFO  - jmeter.engine.StandardJMeterEngine: All thread groups have been started 
2013/11/26 23:23:46 INFO  - jmeter.threads.JMeterThread: Thread started: User bid 1-1 
2013/11/26 23:23:47 INFO  - jmeter.threads.JMeterThread: Thread finished: User bid 1-1 
2013/11/26 23:23:47 INFO  - jmeter.engine.StandardJMeterEngine: Notifying test listeners of end of test 
2013/11/26 23:23:47 INFO  - jmeter.gui.util.JMeterMenuBar: setRunning(false,*local*) 
2013/11/26 23:24:49 INFO  - jmeter.engine.StandardJMeterEngine: Running the test! 
2013/11/26 23:24:49 INFO  - jmeter.samplers.SampleEvent: List of sample_variables: [] 
2013/11/26 23:24:49 INFO  - jmeter.gui.util.JMeterMenuBar: setRunning(true,*local*) 
2013/11/26 23:24:49 INFO  - jmeter.engine.StandardJMeterEngine: Starting ThreadGroup: 1 : User bid 
2013/11/26 23:24:49 INFO  - jmeter.engine.StandardJMeterEngine: Starting 1 threads for group User bid. 
2013/11/26 23:24:49 INFO  - jmeter.engine.StandardJMeterEngine: Thread will continue on error 
2013/11/26 23:24:49 INFO  - jmeter.threads.ThreadGroup: Starting thread group number 1 threads 1 ramp-up 1 perThread 1000.0 delayedStart=false 
2013/11/26 23:24:49 INFO  - jmeter.threads.ThreadGroup: Started thread group number 1 
2013/11/26 23:24:49 INFO  - jmeter.engine.StandardJMeterEngine: All thread groups have been started 
2013/11/26 23:24:49 INFO  - jmeter.threads.JMeterThread: Thread started: User bid 1-1 
2013/11/26 23:24:50 INFO  - jmeter.threads.JMeterThread: Thread finished: User bid 1-1 
2013/11/26 23:24:50 INFO  - jmeter.engine.StandardJMeterEngine: Notifying test listeners of end of test 
2013/11/26 23:24:50 INFO  - jmeter.gui.util.JMeterMenuBar: setRunning(false,*local*) 
2013/11/26 23:25:11 INFO  - jmeter.engine.StandardJMeterEngine: Running the test! 
2013/11/26 23:25:11 INFO  - jmeter.samplers.SampleEvent: List of sample_variables: [] 
2013/11/26 23:25:11 INFO  - jmeter.gui.util.JMeterMenuBar: setRunning(true,*local*) 
2013/11/26 23:25:11 INFO  - jmeter.engine.StandardJMeterEngine: Starting ThreadGroup: 1 : User bid 
2013/11/26 23:25:11 INFO  - jmeter.engine.StandardJMeterEngine: Starting 1 threads for group User bid. 
2013/11/26 23:25:11 INFO  - jmeter.engine.StandardJMeterEngine: Thread will continue on error 
2013/11/26 23:25:11 INFO  - jmeter.threads.ThreadGroup: Starting thread group number 1 threads 1 ramp-up 1 perThread 1000.0 delayedStart=false 
2013/11/26 23:25:11 INFO  - jmeter.threads.ThreadGroup: Started thread group number 1 
2013/11/26 23:25:11 INFO  - jmeter.engine.StandardJMeterEngine: All thread groups have been started 
2013/11/26 23:25:11 INFO  - jmeter.threads.JMeterThread: Thread started: User bid 1-1 
2013/11/26 23:25:17 INFO  - jmeter.threads.JMeterThread: Thread finished: User bid 1-1 
2013/11/26 23:25:17 INFO  - jmeter.engine.StandardJMeterEngine: Notifying test listeners of end of test 
2013/11/26 23:25:17 INFO  - jmeter.gui.util.JMeterMenuBar: setRunning(false,*local*) 
